<?xml version="1.0" encoding="utf-8"?>
<TestRun id="39901b6f-692b-4209-80ae-c60a3b1f5ed8" name="HP PROBOOK@DESKTOP-3NVE1QR 2021-08-12 21:17:20" runUser="DESKTOP-3NVE1QR\HP PROBOOK" xmlns="http://microsoft.com/schemas/VisualStudio/TeamTest/2010">
  <Times creation="2021-08-12T21:17:20.7269751+02:00" queuing="2021-08-12T21:17:20.7269751+02:00" start="2021-08-12T21:14:43.9508863+02:00" finish="2021-08-12T21:17:20.7269751+02:00" />
  <TestSettings name="default" id="b5b76109-6a89-4bf4-864f-77fadbb39507">
    <Deployment runDeploymentRoot="HP_PROBOOK_DESKTOP-3NVE1QR_2021-08-12_21_17_20" />
  </TestSettings>
  <TestLists>
    <TestList name="Results Not in a List" id="8c84fa94-04c1-424b-9868-57a2d4851a1d" />
    <TestList name="All Loaded Results" id="19431567-8539-422a-85d7-44ee4e166bda" />
  </TestLists>
  <ResultSummary outcome="Failed">
    <Counters total="0" executed="0" passed="0" failed="0" error="0" timeout="0" aborted="0" inconclusive="0" passedButRunAborted="0" notRunnable="0" notExecuted="0" disconnected="0" warning="0" completed="0" inProgress="0" pending="0" />
    <RunInfos>
      <RunInfo computerName="DESKTOP-3NVE1QR" outcome="Error" timestamp="2021-08-12T21:17:20.7249834+02:00">
        <Text>The active test run was aborted. Reason: Test host process crashed</Text>
      </RunInfo>
    </RunInfos>
  </ResultSummary>
</TestRun>